<?xml version="1.0" encoding="UTF-8"?>
<!-- Generated by org.testng.reporters.JUnitReportReporter -->
<testsuite hostname="DESKTOP-KLRU7NM" failures="0" tests="7" name="tests.Main_File" time="126.516" errors="0" timestamp="2026-06-28T10:47:45 PKT" skipped="0">
  <testcase classname="tests.Main_File" name="createNoteTest" time="10.751"/>
  <testcase classname="tests.Main_File" name="openNoteTest" time="18.506"/>
  <testcase classname="tests.Main_File" name="editNoteTest" time="21.727"/>
  <testcase classname="tests.Main_File" name="deleteNoteTest" time="9.119"/>
  <testcase classname="tests.Main_File" name="searchNoteTest" time="6.384"/>
  <testcase classname="tests.Main_File" name="sortNoteTest" time="10.799"/>
  <testcase classname="tests.Main_File" name="createMultipleNotesTest" time="49.230"/>
</testsuite> <!-- tests.Main_File -->
